<?xml version="1.0" encoding="UTF-8"?>
<testng-results ignored="0" total="1" passed="1" failed="0" skipped="0">
  <reporter-output>
  </reporter-output>
  <suite started-at="2024-04-16T01:08:34 IST" name="Default suite" finished-at="2024-04-16T01:08:49 IST" duration-ms="14839">
    <groups>
    </groups>
    <test started-at="2024-04-16T01:08:34 IST" name="Default test" finished-at="2024-04-16T01:08:49 IST" duration-ms="14839">
      <class name="Test.Rest_house_test">
        <test-method is-config="true" signature="setup()[pri:0, instance:Test.Rest_house_test@6069db50]" started-at="2024-04-16T01:08:34 IST" name="setup" finished-at="2024-04-16T01:08:37 IST" duration-ms="3390" status="PASS">
          <reporter-output>
          </reporter-output>
        </test-method> <!-- setup -->
        <test-method is-config="true" signature="urlloading()[pri:0, instance:Test.Rest_house_test@6069db50]" started-at="2024-04-16T01:08:37 IST" name="urlloading" finished-at="2024-04-16T01:08:43 IST" duration-ms="5928" status="PASS">
          <reporter-output>
          </reporter-output>
        </test-method> <!-- urlloading -->
        <test-method signature="clickresthousetest()[pri:0, instance:Test.Rest_house_test@6069db50]" started-at="2024-04-16T01:08:43 IST" name="clickresthousetest" finished-at="2024-04-16T01:08:49 IST" duration-ms="5446" status="PASS">
          <reporter-output>
          </reporter-output>
        </test-method> <!-- clickresthousetest -->
      </class> <!-- Test.Rest_house_test -->
    </test> <!-- Default test -->
  </suite> <!-- Default suite -->
</testng-results>
